<?xml version="1.0" encoding="UTF-8"?>
<testng-results skipped="0" failed="0" total="0" passed="0">
  <reporter-output>
  </reporter-output>
  <suite name="runner.TestRunner" duration-ms="2" started-at="2020-07-02T11:58:23Z" finished-at="2020-07-02T11:58:23Z">
    <groups>
    </groups>
    <test name="Command line test" duration-ms="2" started-at="2020-07-02T11:58:23Z" finished-at="2020-07-02T11:58:23Z">
    </test> <!-- Command line test -->
  </suite> <!-- runner.TestRunner -->
</testng-results>
